<?xml version="1.0" encoding="UTF-8"?>
<testsuite xmlns:xsi="http://www.w3.org/2001/XMLSchema-instance" xsi:noNamespaceSchemaLocation="https://maven.apache.org/surefire/maven-surefire-plugin/xsd/surefire-test-report.xsd" name="sg.edu.nus.iss.day13wkshp.FunctionTest" time="0.022" tests="2" errors="1" skipped="0" failures="0">
  <properties>
[...]
</properties>
  <testcase name="readContact" classname="sg.edu.nus.iss.day13wkshp.FunctionTest" time="0">
    <error message="\Users\daryl\data\380dadfd" type="java.nio.file.NoSuchFileException">java.nio.file.NoSuchFileException: \Users\daryl\data\380dadfd
	at sg.edu.nus.iss.day13wkshp.FunctionTest.readContact(FunctionTest.java:32)
</error>
    <system-out><![CDATA[2022-07-26 23:33:27.264  INFO 4816 --- [           main] .b.t.c.SpringBootTestContextBootstrapper : Neither @ContextConfiguration nor @ContextHierarchy found for test class [sg.edu.nus.iss.day13wkshp.FunctionTest], using SpringBootContextLoader
2022-07-26 23:33:27.264  INFO 4816 --- [           main] o.s.t.c.support.AbstractContextLoader    : Could not detect default resource locations for test class [sg.edu.nus.iss.day13wkshp.FunctionTest]: no resource found for suffixes {-context.xml, Context.groovy}.
2022-07-26 23:33:27.265  INFO 4816 --- [           main] t.c.s.AnnotationConfigContextLoaderUtils : Could not detect default configuration classes for test class [sg.edu.nus.iss.day13wkshp.FunctionTest]: FunctionTest does not declare any static, non-private, non-final, nested classes annotated with @Configuration.
2022-07-26 23:33:27.266  INFO 4816 --- [           main] .b.t.c.SpringBootTestContextBootstrapper : Found @SpringBootConfiguration sg.edu.nus.iss.day13wkshp.Day13wkshpApplication for test class sg.edu.nus.iss.day13wkshp.FunctionTest
2022-07-26 23:33:27.266  INFO 4816 --- [           main] .b.t.c.SpringBootTestContextBootstrapper : Loaded default TestExecutionListener class names from location [META-INF/spring.factories]: [org.springframework.boot.test.mock.mockito.MockitoTestExecutionListener, org.springframework.boot.test.mock.mockito.ResetMocksTestExecutionListener, org.springframework.boot.test.autoconfigure.restdocs.RestDocsTestExecutionListener, org.springframework.boot.test.autoconfigure.web.client.MockRestServiceServerResetTestExecutionListener, org.springframework.boot.test.autoconfigure.web.servlet.MockMvcPrintOnlyOnFailureTestExecutionListener, org.springframework.boot.test.autoconfigure.web.servlet.WebDriverTestExecutionListener, org.springframework.boot.test.autoconfigure.webservices.client.MockWebServiceServerTestExecutionListener, org.springframework.test.context.web.ServletTestExecutionListener, org.springframework.test.context.support.DirtiesContextBeforeModesTestExecutionListener, org.springframework.test.context.event.ApplicationEventsTestExecutionListener, org.springframework.test.context.support.DependencyInjectionTestExecutionListener, org.springframework.test.context.support.DirtiesContextTestExecutionListener, org.springframework.test.context.transaction.TransactionalTestExecutionListener, org.springframework.test.context.jdbc.SqlScriptsTestExecutionListener, org.springframework.test.context.event.EventPublishingTestExecutionListener]
2022-07-26 23:33:27.267  INFO 4816 --- [           main] .b.t.c.SpringBootTestContextBootstrapper : Using TestExecutionListeners: [org.springframework.test.context.web.ServletTestExecutionListener@475f5672, org.springframework.test.context.support.DirtiesContextBeforeModesTestExecutionListener@616a06e3, org.springframework.test.context.event.ApplicationEventsTestExecutionListener@42297bdf, org.springframework.boot.test.mock.mockito.MockitoTestExecutionListener@66e827a8, org.springframework.boot.test.autoconfigure.SpringBootDependencyInjectionTestExecutionListener@5bb911c1, org.springframework.test.context.support.DirtiesContextTestExecutionListener@6a55594b, org.springframework.test.context.event.EventPublishingTestExecutionListener@632b305d, org.springframework.boot.test.mock.mockito.ResetMocksTestExecutionListener@44598ef7, org.springframework.boot.test.autoconfigure.restdocs.RestDocsTestExecutionListener@57fdb8a4, org.springframework.boot.test.autoconfigure.web.client.MockRestServiceServerResetTestExecutionListener@17222c11, org.springframework.boot.test.autoconfigure.web.servlet.MockMvcPrintOnlyOnFailureTestExecutionListener@2db15f70, org.springframework.boot.test.autoconfigure.web.servlet.WebDriverTestExecutionListener@25974207, org.springframework.boot.test.autoconfigure.webservices.client.MockWebServiceServerTestExecutionListener@1f15e689]
]]></system-out>
  </testcase>
  <testcase name="saveContact" classname="sg.edu.nus.iss.day13wkshp.FunctionTest" time="0.02"/>
</testsuite>